
TDLR : 2018/12/15 17:49:23 mainserver.go:85: Starting server on port 9090

TDLR : 2018/12/15 17:49:36 mainserver.go:60: html/template: "/static/about" is undefined

TDLR : 2018/12/15 17:49:56 mainserver.go:60: html/template: "/static/about" is undefined

TDLR : 2018/12/15 17:54:14 mainserver.go:85: Starting server on port 9090

TDLR : 2018/12/15 17:56:17 mainserver.go:87: Starting server on port 9090

TDLR : 2018/12/15 17:56:39 mainserver.go:62: html/template: "about" is undefined

TDLR : 2018/12/15 17:59:21 mainserver.go:86: Starting server on port 9090

TDLR : 2018/12/15 17:59:29 mainserver.go:61: html/template: "about" is undefined

TDLR : 2018/12/15 18:00:33 mainserver.go:86: Starting server on port 9090

TDLR : 2018/12/15 18:00:38 mainserver.go:61: html/template: "about" is undefined

TDLR : 2018/12/15 18:00:41 mainserver.go:61: html/template: "about" is undefined

TDLR : 2018/12/15 18:01:41 mainserver.go:86: Starting server on port 9090

TDLR : 2018/12/15 18:01:49 mainserver.go:61: html/template: "about" is undefined

TDLR : 2018/12/15 18:13:13 mainserver.go:86: Starting server on port 9090

TDLR : 2018/12/15 18:13:29 mainserver.go:60: html/template: "about" is undefined

TDLR : 2018/12/15 18:18:13 mainserver.go:89: Starting server on port 9090

TDLR : 2018/12/15 18:19:12 mainserver.go:86: Starting server on port 9090

TDLR : 2018/12/15 18:19:20 mainserver.go:60: html/template: "test" is undefined

TDLR : 2018/12/15 18:47:32 mainserver.go:93: Starting server on port 9090

TDLR : 2018/12/15 18:47:50 mainserver.go:67: html/template: "about" is undefined

TDLR : 2018/12/15 18:54:26 mainserver.go:72: Starting server on port 9090

TDLR : 2018/12/15 18:54:36 mainserver.go:33: html/template:index.html:17:11: no such template "footer"

TDLR : 2018/12/15 18:58:13 mainserver.go:93: Starting server on port 9090

TDLR : 2018/12/15 18:58:23 mainserver.go:67: html/template: "about" is undefined

TDLR : 2018/12/15 18:58:36 mainserver.go:67: html/template: "about" is undefined

TDLR : 2018/12/15 19:00:34 mainserver.go:93: Starting server on port 9090

TDLR : 2018/12/15 19:00:43 mainserver.go:67: html/template: "about" is undefined

TDLR : 2018/12/15 19:04:39 mainserver.go:94: Starting server on port 9090

TDLR : 2018/12/15 19:05:04 mainserver.go:68: html/template: "about" is undefined

TDLR : 2018/12/15 19:05:09 mainserver.go:68: html/template: "about" is undefined

TDLR : 2018/12/15 19:05:37 mainserver.go:93: Starting server on port 9090

TDLR : 2018/12/15 19:05:55 mainserver.go:67: html/template: "about" is undefined
